<?xml version="1.0" encoding="UTF-8"?>
<!-- Generated by org.testng.reporters.JUnitReportReporter -->
<testsuite hostname="FSWIRAY80" failures="0" tests="1" name="MasterData.Runner_MasterData" time="89.743" errors="0" timestamp="2022-06-07T18:02:20 IST" skipped="0">
  <testcase classname="MasterData.Runner_MasterData" name="runScenario" time="89.743"/>
  <system-out/>
</testsuite> <!-- MasterData.Runner_MasterData -->
