<?xml version="1.0" encoding="UTF-8"?>
<!-- Generated by org.testng.reporters.JUnitReportReporter -->
<testsuite hostname="FSWIRAY80" failures="0" tests="1" name="MasterData.Runner_MasterData" time="94.058" errors="0" timestamp="2022-05-25T17:05:27 IST" skipped="0">
  <testcase classname="MasterData.Runner_MasterData" name="runScenario" time="94.058"/>
  <system-out/>
</testsuite> <!-- MasterData.Runner_MasterData -->
