<?xml version="1.0" encoding="UTF-8"?>
<!-- Generated by org.testng.reporters.JUnitReportReporter -->
<testsuite hostname="FSWIRAY80" failures="0" tests="2" name="StepDefinition.TestRunner" time="107.483" errors="0" timestamp="2022-04-22T15:00:25 IST" skipped="0">
  <testcase classname="StepDefinition.TestRunner" name="runScenario" time="53.331"/>
  <system-out/>
  <testcase classname="StepDefinition.TestRunner" name="runScenario" time="54.152"/>
  <system-out/>
</testsuite> <!-- StepDefinition.TestRunner -->
